[backblue.gif]
[fade.gif]
[index.html]
[www.lrv.com/favicon.png]
[cdnjs.cloudflare.com/ajax/libs/font-awesome/4.7.0/css/font-awesome.min.css]
[ajax.googleapis.com/ajax/libs/jquery/1.11.0/jquery.min.js]
[diegocoronel.com/js/waypoints.min.js]
[www.lrv.com/img/whatsapp.png]
[diegocoronel.com/img/icon/cerebro.png]
[diegocoronel.com/img/dispositivas/11.png]
[diegocoronel.com/img/dispositivas/23.png]
[diegocoronel.com/img/dispositivas/33.png]
[diegocoronel.com/porfolio/img/1.png]
[diegocoronel.com/porfolio/img/2.png]
[diegocoronel.com/porfolio/img/3.png]
[diegocoronel.com/porfolio/img/4.png]
[diegocoronel.com/porfolio/img/5.png]
[diegocoronel.com/porfolio/img/6.png]
[diegocoronel.com/porfolio/img/7.png]
[diegocoronel.com/porfolio/img/8.png]
[diegocoronel.com/scripts/requireb349.js]
[ajax.googleapis.com/ajax/libs/jquery/3.2.1/jquery.min.js]
[diegocoronel.com/js/bootstrap-3.3.4.js]
[www.lrv.com/img/servicios/notebook.png]
[diegocoronel.com/index.html]
[www.lrv.com/img/fondos/diegocoronel.jpg]
[diegocoronel.com/css/img/Services-bg.jpg]
[diegocoronel.com/css/img/contacto.jpg]
[diegocoronel.com/css/estilo.css]
[diegocoronel.com/css/responsive.css]
[cdnjs.cloudflare.com/ajax/libs/font-awesome/4.7.0/css/font-awesome.min.css]
[diegocoronel.com/css/animate.min.css]
[diegocoronel.com/fonts/glyphicons-halflings-regular.eot]
[diegocoronel.com/fonts/glyphicons-halflings-regulard41d.eot]
[diegocoronel.com/fonts/glyphicons-halflings-regular.woff]
[diegocoronel.com/fonts/glyphicons-halflings-regular.ttf]
[diegocoronel.com/css/bootstrap-3.3.4.css]
[diegocoronel.com/museconfig.html]
[diegocoronel.com/webpro.html]
[diegocoronel.com/require.html]
[diegocoronel.com/css/site_global982b.css]
[diegocoronel.com/css/index16c9.css]
[diegocoronel.com/jquery-1.8.3.min.html]
[www.lrv.com/img/fondos/fondo3.jpg]
[diegocoronel.com/fonts/glyphicons-halflings-regular.html]
[diegocoronel.com/fonts/glyphicons-halflings-regular.svg]
